Aborted_clients
Aborted_connects
Binlog_cache_disk_use
Binlog_cache_use
Bytes_received
Bytes_sent
Connection_errors_max_connections
Connections
Created_tmp_disk_tables
Created_tmp_files
Created_tmp_tables
Key_read_requests
Key_reads
Key_write_requests
Key_writes
Max_used_connections
Max_used_connections_time
Open_files
Open_table_definitions
Open_tables
Slave_open_temp_tables
Slow_launch_threads
Slow_queries
Sort_merge_passes
Sort_range
Sort_rows
Sort_scan
Table_open_cache_hits
Table_open_cache_misses
Threads_cached
Threads_connected
Threads_created
Threads_running
Uptime
Uptime_since_flush_status
